[debug] [2024-08-06T22:25:03.781Z] ----------------------------------------------------------------------
[debug] [2024-08-06T22:25:03.785Z] Command:       C:\Program Files\nodejs\node.exe C:\Users\Divya\AppData\Roaming\npm\node_modules\firebase-tools\lib\bin\firebase.js init
[debug] [2024-08-06T22:25:03.786Z] CLI Version:   13.15.0
[debug] [2024-08-06T22:25:03.787Z] Platform:      win32
[debug] [2024-08-06T22:25:03.787Z] Node Version:  v18.18.0
[debug] [2024-08-06T22:25:03.788Z] Time:          Tue Aug 06 2024 15:25:03 GMT-0700 (Pacific Daylight Time)
[debug] [2024-08-06T22:25:03.788Z] ----------------------------------------------------------------------
[debug] 
[debug] [2024-08-06T22:25:03.802Z] > command requires scopes: ["email","openid","https://www.googleapis.com/auth/cloudplatformprojects.readonly","https://www.googleapis.com/auth/firebase","https://www.googleapis.com/auth/cloud-platform"]
[debug] [2024-08-06T22:25:03.803Z] > authorizing via signed-in user (divyasrivastava1113@gmail.com)
[info] 
     ######## #### ########  ######## ########     ###     ######  ########
     ##        ##  ##     ## ##       ##     ##  ##   ##  ##       ##
     ######    ##  ########  ######   ########  #########  ######  ######
     ##        ##  ##    ##  ##       ##     ## ##     ##       ## ##
     ##       #### ##     ## ######## ########  ##     ##  ######  ########

You're about to initialize a Firebase project in this directory:

  C:\Users\Divya\my-portfolio

[info] 
=== Project Setup
[info] 
[info] First, let's associate this project directory with a Firebase project.
[info] You can create multiple project aliases by running firebase use --add, 
[info] but for now we'll just set up a default project.
[info] 
[debug] [2024-08-06T22:25:30.430Z] > refreshing access token with scopes: []
[debug] [2024-08-06T22:25:30.433Z] >>> [apiv2][query] POST https://www.googleapis.com/oauth2/v3/token [none]
[debug] [2024-08-06T22:25:30.433Z] >>> [apiv2][body] POST https://www.googleapis.com/oauth2/v3/token [omitted]
[debug] [2024-08-06T22:25:30.691Z] <<< [apiv2][status] POST https://www.googleapis.com/oauth2/v3/token 200
[debug] [2024-08-06T22:25:30.692Z] <<< [apiv2][body] POST https://www.googleapis.com/oauth2/v3/token [omitted]
[debug] [2024-08-06T22:25:30.730Z] >>> [apiv2][query] GET https://firebase.googleapis.com/v1beta1/projects pageSize=100
[debug] [2024-08-06T22:25:31.136Z] <<< [apiv2][status] GET https://firebase.googleapis.com/v1beta1/projects 200
[debug] [2024-08-06T22:25:31.137Z] <<< [apiv2][body] GET https://firebase.googleapis.com/v1beta1/projects [omitted]
[debug] [2024-08-06T22:26:23.445Z] ----------------------------------------------------------------------
[debug] [2024-08-06T22:26:23.449Z] Command:       C:\Program Files\nodejs\node.exe C:\Users\Divya\AppData\Roaming\npm\node_modules\firebase-tools\lib\bin\firebase.js init
[debug] [2024-08-06T22:26:23.450Z] CLI Version:   13.15.0
[debug] [2024-08-06T22:26:23.451Z] Platform:      win32
[debug] [2024-08-06T22:26:23.451Z] Node Version:  v18.18.0
[debug] [2024-08-06T22:26:23.452Z] Time:          Tue Aug 06 2024 15:26:23 GMT-0700 (Pacific Daylight Time)
[debug] [2024-08-06T22:26:23.453Z] ----------------------------------------------------------------------
[debug] 
[debug] [2024-08-06T22:26:23.466Z] > command requires scopes: ["email","openid","https://www.googleapis.com/auth/cloudplatformprojects.readonly","https://www.googleapis.com/auth/firebase","https://www.googleapis.com/auth/cloud-platform"]
[debug] [2024-08-06T22:26:23.467Z] > authorizing via signed-in user (divyasrivastava1113@gmail.com)
[info] 
     ######## #### ########  ######## ########     ###     ######  ########
     ##        ##  ##     ## ##       ##     ##  ##   ##  ##       ##
     ######    ##  ########  ######   ########  #########  ######  ######
     ##        ##  ##    ##  ##       ##     ## ##     ##       ## ##
     ##       #### ##     ## ######## ########  ##     ##  ######  ########

You're about to initialize a Firebase project in this directory:

  C:\Users\Divya\my-portfolio

[info] 
=== Project Setup
[info] 
[info] First, let's associate this project directory with a Firebase project.
[info] You can create multiple project aliases by running firebase use --add, 
[info] but for now we'll just set up a default project.
[info] 
[info] i  If you want to create a project in a Google Cloud organization or folder, please use "firebase projects:create" instead, and return to this command when you've created the project. 
